<?xml version="1.0" encoding="UTF-8" ?>
<testsuites name="vitest tests" tests="177" failures="0" errors="0" time="7.583684122">
    <testsuite name="src/__tests__/AdminDashboard.test.tsx" timestamp="2026-02-02T12:56:32.074Z" hostname="MacBook-Pro-de-Thomas-2.local" tests="4" failures="0" errors="0" skipped="0" time="0.267549625">
        <testcase classname="src/__tests__/AdminDashboard.test.tsx" name="AdminDashboard &gt; renders AdminDashboard component" time="0.101372">
        </testcase>
        <testcase classname="src/__tests__/AdminDashboard.test.tsx" name="AdminDashboard &gt; shows products to add to sale" time="0.101479708">
        </testcase>
        <testcase classname="src/__tests__/AdminDashboard.test.tsx" name="AdminDashboard &gt; can fill and submit the create event form" time="0.044951833">
        </testcase>
        <testcase classname="src/__tests__/AdminDashboard.test.tsx" name="AdminDashboard &gt; merges availableProducts without duplicates" time="0.017946417">
        </testcase>
    </testsuite>
    <testsuite name="src/__tests__/App.test.tsx" timestamp="2026-02-02T12:56:32.075Z" hostname="MacBook-Pro-de-Thomas-2.local" tests="10" failures="0" errors="0" skipped="0" time="0.314312791">
        <testcase classname="src/__tests__/App.test.tsx" name="App routing &gt; redirects to home if not signed in on RoleProtectedRoute" time="0.039072792">
        </testcase>
        <testcase classname="src/__tests__/App.test.tsx" name="App routing &gt; renders Home (sign-in) on root route when unauthenticated" time="0.004907458">
        </testcase>
        <testcase classname="src/__tests__/App.test.tsx" name="App routing &gt; redirects unauthenticated user from /products to Home" time="0.016124375">
        </testcase>
        <testcase classname="src/__tests__/App.test.tsx" name="App routing &gt; allows access to Products for authenticated user" time="0.154629542">
            <system-err>
[[&quot;convexQuery&quot;,&quot;functions/products:listProducts&quot;,{&quot;pageSize&quot;:10}]]: No queryFn was passed as an option, and no default queryFn was found. The queryFn parameter is only optional when using a default queryFn. More info here: https://tanstack.com/query/latest/docs/framework/react/guides/default-query-function
[[&quot;convexQuery&quot;,&quot;functions/products:listProducts&quot;,{&quot;pageSize&quot;:10}]]: No queryFn was passed as an option, and no default queryFn was found. The queryFn parameter is only optional when using a default queryFn. More info here: https://tanstack.com/query/latest/docs/framework/react/guides/default-query-function

            </system-err>
        </testcase>
        <testcase classname="src/__tests__/App.test.tsx" name="App routing &gt; redirects unknown routes to Home" time="0.009168959">
        </testcase>
        <testcase classname="src/__tests__/App.test.tsx" name="App routing &gt; renders nothing while auth is loading" time="0.014463875">
        </testcase>
        <testcase classname="src/__tests__/App.test.tsx" name="App routing &gt; allows access to admin dashboard for allowed role" time="0.020842">
        </testcase>
        <testcase classname="src/__tests__/App.test.tsx" name="App routing &gt; redirects to dashboards when user role is not allowed" time="0.026054292">
        </testcase>
        <testcase classname="src/__tests__/App.test.tsx" name="App routing &gt; shows loading when auth is not yet loaded" time="0.012383125">
        </testcase>
        <testcase classname="src/__tests__/App.test.tsx" name="App routing &gt; redirects to dashboards if user role is undefined" time="0.00992375">
            <system-err>
User roles could not be determined

            </system-err>
        </testcase>
    </testsuite>
    <testsuite name="src/__tests__/Home.test.tsx" timestamp="2026-02-02T12:56:32.075Z" hostname="MacBook-Pro-de-Thomas-2.local" tests="3" failures="0" errors="0" skipped="0" time="0.033581125">
        <testcase classname="src/__tests__/Home.test.tsx" name="Home Component &gt; renders loading state when isLoading is true" time="0.013289208">
        </testcase>
        <testcase classname="src/__tests__/Home.test.tsx" name="Home Component &gt; renders SignIn page when unauthenticated" time="0.01279225">
            <system-err>
In HTML, &lt;button&gt; cannot be a descendant of &lt;button&gt;.
This will cause a hydration error.

  &lt;MemoryRouter&gt;
    &lt;Router basename={undefined} location={{pathname:&quot;/&quot;, ...}} navigationType=&quot;POP&quot; navigator={{index:0, ...}} ...&gt;
      &lt;App&gt;
        &lt;main&gt;
          &lt;Unauthenticated&gt;
            &lt;SignIn&gt;
              &lt;div className=&quot;min-h-scre...&quot;&gt;
                &lt;NavBar&gt;
                &lt;div className=&quot;flex-grow ...&quot;&gt;
                  &lt;p&gt;
                  &lt;SignInButton mode=&quot;modal&quot;&gt;
&gt;                   &lt;button&gt;
                      &lt;Button size=&quot;lg&quot; className=&quot;inline-blo...&quot;&gt;
&gt;                       &lt;button
&gt;                         data-slot=&quot;button&quot;
&gt;                         className={&quot;items-center justify-center gap-2 whitespace-nowrap text-sm disabled:pointer-ev...&quot;}
&gt;                       &gt;
                ...

&lt;button&gt; cannot contain a nested &lt;button&gt;.
See this log for the ancestor stack trace.

            </system-err>
        </testcase>
        <testcase classname="src/__tests__/Home.test.tsx" name="Home Component &gt; renders main content when authenticated" time="0.006772875">
        </testcase>
    </testsuite>
    <testsuite name="src/__tests__/Products.test.tsx" timestamp="2026-02-02T12:56:32.076Z" hostname="MacBook-Pro-de-Thomas-2.local" tests="12" failures="0" errors="0" skipped="0" time="0.691239667">
        <testcase classname="src/__tests__/Products.test.tsx" name="Products Component &gt; renders overview and tabs" time="0.102966792">
        </testcase>
        <testcase classname="src/__tests__/Products.test.tsx" name="Products Component &gt; renders Current Inventory section with alert" time="0.026238208">
        </testcase>
        <testcase classname="src/__tests__/Products.test.tsx" name="Products Component &gt; switches to analytics tab and shows chart" time="0.074316041">
        </testcase>
        <testcase classname="src/__tests__/Products.test.tsx" name="Products Component &gt; opens add dialog and triggers submit" time="0.061572916">
        </testcase>
        <testcase classname="src/__tests__/Products.test.tsx" name="Products Component &gt; opens edit dialog and submits updated item" time="0.054547959">
        </testcase>
        <testcase classname="src/__tests__/Products.test.tsx" name="Products Component &gt; cancels Add Item dialog without calling mutate" time="0.03192775">
        </testcase>
        <testcase classname="src/__tests__/Products.test.tsx" name="Products Component &gt; calls addProduct.mutate with form data then closes dialog" time="0.097199">
        </testcase>
        <testcase classname="src/__tests__/Products.test.tsx" name="Products Component &gt; cancels Edit Item dialog without calling updateProduct" time="0.062019292">
        </testcase>
        <testcase classname="src/__tests__/Products.test.tsx" name="Products Component &gt; calls updateProduct.mutate with correct data then closes dialog" time="0.071131833">
        </testcase>
        <testcase classname="src/__tests__/Products.test.tsx" name="Products Component &gt; calls deleteProduct.mutate when Delete button is clicked" time="0.077538417">
        </testcase>
        <testcase classname="src/__tests__/Products.test.tsx" name="Products Component &gt; calls deleteProduct when clicking delete" time="0.013127083">
        </testcase>
        <testcase classname="src/__tests__/Products.test.tsx" name="Products Component &gt; shows RoleBadge and user selector when user is admin" time="0.017657833">
        </testcase>
    </testsuite>
    <testsuite name="src/__tests__/UserDashboard.test.tsx" timestamp="2026-02-02T12:56:32.076Z" hostname="MacBook-Pro-de-Thomas-2.local" tests="16" failures="0" errors="0" skipped="0" time="0.534885083">
        <testcase classname="src/__tests__/UserDashboard.test.tsx" name="UserDashboard &gt; renders the dashboard with user information" time="0.12111075">
        </testcase>
        <testcase classname="src/__tests__/UserDashboard.test.tsx" name="UserDashboard &gt; displays navbar and footer" time="0.009704208">
        </testcase>
        <testcase classname="src/__tests__/UserDashboard.test.tsx" name="UserDashboard &gt; displays products list correctly" time="0.008676458">
        </testcase>
        <testcase classname="src/__tests__/UserDashboard.test.tsx" name="UserDashboard &gt; shows message when no products exist" time="0.008830667">
        </testcase>
        <testcase classname="src/__tests__/UserDashboard.test.tsx" name="UserDashboard &gt; opens add product dialog when button is clicked" time="0.10187775">
        </testcase>
        <testcase classname="src/__tests__/UserDashboard.test.tsx" name="UserDashboard &gt; handles add product error" time="0.048056167">
        </testcase>
        <testcase classname="src/__tests__/UserDashboard.test.tsx" name="UserDashboard &gt; cancels add product dialog" time="0.050913792">
        </testcase>
        <testcase classname="src/__tests__/UserDashboard.test.tsx" name="UserDashboard &gt; displays my events participation" time="0.008969292">
        </testcase>
        <testcase classname="src/__tests__/UserDashboard.test.tsx" name="UserDashboard &gt; shows message when no event participation" time="0.005217583">
        </testcase>
        <testcase classname="src/__tests__/UserDashboard.test.tsx" name="UserDashboard &gt; handles leaving an event with confirmation" time="0.042573041">
        </testcase>
        <testcase classname="src/__tests__/UserDashboard.test.tsx" name="UserDashboard &gt; cancels leaving event when user declines confirmation" time="0.022679">
        </testcase>
        <testcase classname="src/__tests__/UserDashboard.test.tsx" name="UserDashboard &gt; handles leave event error" time="0.014094042">
        </testcase>
        <testcase classname="src/__tests__/UserDashboard.test.tsx" name="UserDashboard &gt; handles leave event when user is not identified" time="0.040337625">
        </testcase>
        <testcase classname="src/__tests__/UserDashboard.test.tsx" name="UserDashboard &gt; prevents form submission when required fields are empty" time="0.031053375">
        </testcase>
        <testcase classname="src/__tests__/UserDashboard.test.tsx" name="UserDashboard &gt; handles empty products and events arrays" time="0.012028375">
        </testcase>
        <testcase classname="src/__tests__/UserDashboard.test.tsx" name="UserDashboard &gt; handles null/undefined query results" time="0.007132875">
        </testcase>
    </testsuite>
    <testsuite name="src/__tests__/main.test.tsx" timestamp="2026-02-02T12:56:32.077Z" hostname="MacBook-Pro-de-Thomas-2.local" tests="1" failures="0" errors="0" skipped="0" time="1.402533083">
        <testcase classname="src/__tests__/main.test.tsx" name="main.tsx &gt; should call ReactDOM.createRoot with #root" time="1.400609375">
        </testcase>
    </testsuite>
    <testsuite name="src/components/__tests__/navbar.test.tsx" timestamp="2026-02-02T12:56:32.077Z" hostname="MacBook-Pro-de-Thomas-2.local" tests="4" failures="0" errors="0" skipped="0" time="0.072084667">
        <testcase classname="src/components/__tests__/navbar.test.tsx" name="NavBar &gt; should render the title" time="0.033028333">
        </testcase>
        <testcase classname="src/components/__tests__/navbar.test.tsx" name="NavBar &gt; should navigate to &apos;/&apos; on title click" time="0.005797167">
        </testcase>
        <testcase classname="src/components/__tests__/navbar.test.tsx" name="NavBar &gt; should contain a link to the GitHub repository" time="0.029474875">
        </testcase>
        <testcase classname="src/components/__tests__/navbar.test.tsx" name="NavBar &gt; should render children elements" time="0.002866792">
        </testcase>
    </testsuite>
    <testsuite name="src/components/__tests__/responsive-dialog.test.tsx" timestamp="2026-02-02T12:56:32.078Z" hostname="MacBook-Pro-de-Thomas-2.local" tests="29" failures="0" errors="0" skipped="0" time="0.750566542">
        <testcase classname="src/components/__tests__/responsive-dialog.test.tsx" name="ResponsiveDialog &gt; should not render when not mounted (SSR mismatch guard)" time="0.51668975">
        </testcase>
        <testcase classname="src/components/__tests__/responsive-dialog.test.tsx" name="ResponsiveDialog &gt; should render title, description and children correctly" time="0.013616375">
        </testcase>
        <testcase classname="src/components/__tests__/responsive-dialog.test.tsx" name="ResponsiveDialog &gt; should apply correct class based on screenSize and size" time="0.009628041">
        </testcase>
        <testcase classname="src/components/__tests__/responsive-dialog.test.tsx" name="ResponsiveDialog &gt; should call onOpenChange when closing dialog" time="0.00916675">
        </testcase>
        <testcase classname="src/components/__tests__/responsive-dialog.test.tsx" name="ResponsiveDialog - size class mapping &gt; should apply correct class for screenSize=&quot;xs&quot; and size=&quot;sm&quot;" time="0.005905792">
        </testcase>
        <testcase classname="src/components/__tests__/responsive-dialog.test.tsx" name="ResponsiveDialog - size class mapping &gt; should apply correct class for screenSize=&quot;xs&quot; and size=&quot;md&quot;" time="0.005380667">
        </testcase>
        <testcase classname="src/components/__tests__/responsive-dialog.test.tsx" name="ResponsiveDialog - size class mapping &gt; should apply correct class for screenSize=&quot;xs&quot; and size=&quot;lg&quot;" time="0.005317167">
        </testcase>
        <testcase classname="src/components/__tests__/responsive-dialog.test.tsx" name="ResponsiveDialog - size class mapping &gt; should apply correct class for screenSize=&quot;xs&quot; and size=&quot;xl&quot;" time="0.005759041">
        </testcase>
        <testcase classname="src/components/__tests__/responsive-dialog.test.tsx" name="ResponsiveDialog - size class mapping &gt; should apply correct class for screenSize=&quot;xs&quot; and size=&quot;full&quot;" time="0.010648583">
        </testcase>
        <testcase classname="src/components/__tests__/responsive-dialog.test.tsx" name="ResponsiveDialog - size class mapping &gt; should apply correct class for screenSize=&quot;sm&quot; and size=&quot;sm&quot;" time="0.038723375">
        </testcase>
        <testcase classname="src/components/__tests__/responsive-dialog.test.tsx" name="ResponsiveDialog - size class mapping &gt; should apply correct class for screenSize=&quot;sm&quot; and size=&quot;md&quot;" time="0.036328584">
        </testcase>
        <testcase classname="src/components/__tests__/responsive-dialog.test.tsx" name="ResponsiveDialog - size class mapping &gt; should apply correct class for screenSize=&quot;sm&quot; and size=&quot;lg&quot;" time="0.010920375">
        </testcase>
        <testcase classname="src/components/__tests__/responsive-dialog.test.tsx" name="ResponsiveDialog - size class mapping &gt; should apply correct class for screenSize=&quot;sm&quot; and size=&quot;xl&quot;" time="0.007447458">
        </testcase>
        <testcase classname="src/components/__tests__/responsive-dialog.test.tsx" name="ResponsiveDialog - size class mapping &gt; should apply correct class for screenSize=&quot;sm&quot; and size=&quot;full&quot;" time="0.007267166">
        </testcase>
        <testcase classname="src/components/__tests__/responsive-dialog.test.tsx" name="ResponsiveDialog - size class mapping &gt; should apply correct class for screenSize=&quot;md&quot; and size=&quot;sm&quot;" time="0.004509458">
        </testcase>
        <testcase classname="src/components/__tests__/responsive-dialog.test.tsx" name="ResponsiveDialog - size class mapping &gt; should apply correct class for screenSize=&quot;md&quot; and size=&quot;md&quot;" time="0.007787667">
        </testcase>
        <testcase classname="src/components/__tests__/responsive-dialog.test.tsx" name="ResponsiveDialog - size class mapping &gt; should apply correct class for screenSize=&quot;md&quot; and size=&quot;lg&quot;" time="0.004921875">
        </testcase>
        <testcase classname="src/components/__tests__/responsive-dialog.test.tsx" name="ResponsiveDialog - size class mapping &gt; should apply correct class for screenSize=&quot;md&quot; and size=&quot;xl&quot;" time="0.004933875">
        </testcase>
        <testcase classname="src/components/__tests__/responsive-dialog.test.tsx" name="ResponsiveDialog - size class mapping &gt; should apply correct class for screenSize=&quot;md&quot; and size=&quot;full&quot;" time="0.00320275">
        </testcase>
        <testcase classname="src/components/__tests__/responsive-dialog.test.tsx" name="ResponsiveDialog - size class mapping &gt; should apply correct class for screenSize=&quot;lg&quot; and size=&quot;sm&quot;" time="0.011946667">
        </testcase>
        <testcase classname="src/components/__tests__/responsive-dialog.test.tsx" name="ResponsiveDialog - size class mapping &gt; should apply correct class for screenSize=&quot;lg&quot; and size=&quot;md&quot;" time="0.003659208">
        </testcase>
        <testcase classname="src/components/__tests__/responsive-dialog.test.tsx" name="ResponsiveDialog - size class mapping &gt; should apply correct class for screenSize=&quot;lg&quot; and size=&quot;lg&quot;" time="0.004267792">
        </testcase>
        <testcase classname="src/components/__tests__/responsive-dialog.test.tsx" name="ResponsiveDialog - size class mapping &gt; should apply correct class for screenSize=&quot;lg&quot; and size=&quot;xl&quot;" time="0.001993458">
        </testcase>
        <testcase classname="src/components/__tests__/responsive-dialog.test.tsx" name="ResponsiveDialog - size class mapping &gt; should apply correct class for screenSize=&quot;lg&quot; and size=&quot;full&quot;" time="0.002357958">
        </testcase>
        <testcase classname="src/components/__tests__/responsive-dialog.test.tsx" name="ResponsiveDialog - size class mapping &gt; should apply correct class for screenSize=&quot;xl&quot; and size=&quot;sm&quot;" time="0.002009916">
        </testcase>
        <testcase classname="src/components/__tests__/responsive-dialog.test.tsx" name="ResponsiveDialog - size class mapping &gt; should apply correct class for screenSize=&quot;xl&quot; and size=&quot;md&quot;" time="0.0023345">
        </testcase>
        <testcase classname="src/components/__tests__/responsive-dialog.test.tsx" name="ResponsiveDialog - size class mapping &gt; should apply correct class for screenSize=&quot;xl&quot; and size=&quot;lg&quot;" time="0.003987875">
        </testcase>
        <testcase classname="src/components/__tests__/responsive-dialog.test.tsx" name="ResponsiveDialog - size class mapping &gt; should apply correct class for screenSize=&quot;xl&quot; and size=&quot;xl&quot;" time="0.003274333">
        </testcase>
        <testcase classname="src/components/__tests__/responsive-dialog.test.tsx" name="ResponsiveDialog - size class mapping &gt; should apply correct class for screenSize=&quot;xl&quot; and size=&quot;full&quot;" time="0.004116125">
        </testcase>
    </testsuite>
    <testsuite name="src/components/__tests__/role-badge.test.tsx" timestamp="2026-02-02T12:56:32.079Z" hostname="MacBook-Pro-de-Thomas-2.local" tests="2" failures="0" errors="0" skipped="0" time="0.076969333">
        <testcase classname="src/components/__tests__/role-badge.test.tsx" name="RoleBadge component &gt; renders the provided role text" time="0.026424792">
        </testcase>
        <testcase classname="src/components/__tests__/role-badge.test.tsx" name="RoleBadge component &gt; renders as a small outline button with pointer‑events disabled" time="0.049177625">
        </testcase>
    </testsuite>
    <testsuite name="src/components/__tests__/stock-charts.test.tsx" timestamp="2026-02-02T12:56:32.079Z" hostname="MacBook-Pro-de-Thomas-2.local" tests="7" failures="0" errors="0" skipped="0" time="0.117559041">
        <testcase classname="src/components/__tests__/stock-charts.test.tsx" name="StockCharts &gt; renders pie chart and bar chart on desktop" time="0.080361916">
            <system-err>
The width(0) and height(0) of chart should be greater than 0,
       please check the style of container, or the props width(100%) and height(100%),
       or add a minWidth(0) or minHeight(undefined) or use aspect(undefined) to control the
       height and width.
The width(0) and height(0) of chart should be greater than 0,
       please check the style of container, or the props width(100%) and height(100%),
       or add a minWidth(0) or minHeight(undefined) or use aspect(undefined) to control the
       height and width.

            </system-err>
        </testcase>
        <testcase classname="src/components/__tests__/stock-charts.test.tsx" name="StockCharts &gt; only renders pie chart on small screens" time="0.011694584">
            <system-err>
The width(0) and height(0) of chart should be greater than 0,
       please check the style of container, or the props width(100%) and height(100%),
       or add a minWidth(0) or minHeight(undefined) or use aspect(undefined) to control the
       height and width.

            </system-err>
        </testcase>
        <testcase classname="src/components/__tests__/stock-charts.test.tsx" name="StockCharts &gt; aggregates quantities when product type appears multiple times (else path)" time="0.015525333">
            <system-err>
The width(0) and height(0) of chart should be greater than 0,
       please check the style of container, or the props width(100%) and height(100%),
       or add a minWidth(0) or minHeight(undefined) or use aspect(undefined) to control the
       height and width.
The width(0) and height(0) of chart should be greater than 0,
       please check the style of container, or the props width(100%) and height(100%),
       or add a minWidth(0) or minHeight(undefined) or use aspect(undefined) to control the
       height and width.

            </system-err>
        </testcase>
        <testcase classname="src/components/__tests__/stock-charts.test.tsx" name="StockCharts &gt; displays correct category labels" time="0.004444541">
            <system-err>
The width(0) and height(0) of chart should be greater than 0,
       please check the style of container, or the props width(100%) and height(100%),
       or add a minWidth(0) or minHeight(undefined) or use aspect(undefined) to control the
       height and width.
The width(0) and height(0) of chart should be greater than 0,
       please check the style of container, or the props width(100%) and height(100%),
       or add a minWidth(0) or minHeight(undefined) or use aspect(undefined) to control the
       height and width.

            </system-err>
        </testcase>
        <testcase classname="src/components/__tests__/stock-charts.test.tsx" name="StockCharts &gt; handles empty stock gracefully" time="0.003571833">
            <system-err>
The width(0) and height(0) of chart should be greater than 0,
       please check the style of container, or the props width(100%) and height(100%),
       or add a minWidth(0) or minHeight(undefined) or use aspect(undefined) to control the
       height and width.
The width(0) and height(0) of chart should be greater than 0,
       please check the style of container, or the props width(100%) and height(100%),
       or add a minWidth(0) or minHeight(undefined) or use aspect(undefined) to control the
       height and width.

            </system-err>
        </testcase>
        <testcase classname="src/components/__tests__/stock-charts.test.tsx" name="StockCharts &gt; formats pie chart label correctly" time="0.000203875">
        </testcase>
        <testcase classname="src/components/__tests__/stock-charts.test.tsx" name="StockCharts &gt; formats Y axis tick correctly" time="0.00006875">
        </testcase>
    </testsuite>
    <testsuite name="src/components/__tests__/stock-form.test.tsx" timestamp="2026-02-02T12:56:32.080Z" hostname="MacBook-Pro-de-Thomas-2.local" tests="19" failures="0" errors="0" skipped="0" time="2.289063791">
        <testcase classname="src/components/__tests__/stock-form.test.tsx" name="StockForm &gt; renders form with initial data" time="0.340286208">
        </testcase>
        <testcase classname="src/components/__tests__/stock-form.test.tsx" name="StockForm &gt; prefills sellDate when initialData contains sellDate" time="0.198968125">
        </testcase>
        <testcase classname="src/components/__tests__/stock-form.test.tsx" name="StockForm &gt; adds and removes licence fields" time="0.211148917">
        </testcase>
        <testcase classname="src/components/__tests__/stock-form.test.tsx" name="StockForm &gt; adds and removes character fields" time="0.085689625">
        </testcase>
        <testcase classname="src/components/__tests__/stock-form.test.tsx" name="StockForm &gt; toggles product type checkboxes" time="0.052813292">
        </testcase>
        <testcase classname="src/components/__tests__/stock-form.test.tsx" name="StockForm &gt; clears validation errors when fields are updated" time="0.185644875">
        </testcase>
        <testcase classname="src/components/__tests__/stock-form.test.tsx" name="StockForm &gt; calls onCancel when cancel button is clicked" time="0.037198208">
        </testcase>
        <testcase classname="src/components/__tests__/stock-form.test.tsx" name="StockForm &gt; applies error styles to invalid fields" time="0.081605208">
        </testcase>
        <testcase classname="src/components/__tests__/stock-form.test.tsx" name="StockForm &gt; submits sell data when editing" time="0.228733">
        </testcase>
        <testcase classname="src/components/__tests__/stock-form.test.tsx" name="StockForm &gt; handles purchaseLocation field correctly" time="0.086659916">
        </testcase>
        <testcase classname="src/components/__tests__/stock-form.test.tsx" name="StockForm &gt; handles purchaseDate field correctly" time="0.052830625">
        </testcase>
        <testcase classname="src/components/__tests__/stock-form.test.tsx" name="StockForm &gt; handles purchasePrice field correctly" time="0.045805833">
            <system-err>
A component is changing an uncontrolled input to be controlled. This is likely caused by the value changing from undefined to a defined value, which should not happen. Decide between using a controlled or uncontrolled input element for the lifetime of the component. More info: https://react.dev/link/controlled-components

            </system-err>
        </testcase>
        <testcase classname="src/components/__tests__/stock-form.test.tsx" name="StockForm &gt; handles threshold field correctly" time="0.040233291">
        </testcase>
        <testcase classname="src/components/__tests__/stock-form.test.tsx" name="StockForm &gt; handles quantity field correctly" time="0.046144458">
        </testcase>
        <testcase classname="src/components/__tests__/stock-form.test.tsx" name="StockForm &gt; handles storageLocation field correctly" time="0.085849625">
        </testcase>
        <testcase classname="src/components/__tests__/stock-form.test.tsx" name="StockForm &gt; handles description field correctly" time="0.108144667">
        </testcase>
        <testcase classname="src/components/__tests__/stock-form.test.tsx" name="StockForm &gt; handles condition field correctly" time="0.084556833">
        </testcase>
        <testcase classname="src/components/__tests__/stock-form.test.tsx" name="StockForm &gt; handles status field correctly" time="0.085858625">
        </testcase>
        <testcase classname="src/components/__tests__/stock-form.test.tsx" name="StockForm &gt; updates array fields correctly" time="0.226506125">
        </testcase>
    </testsuite>
    <testsuite name="src/components/__tests__/stock-overview.test.tsx" timestamp="2026-02-02T12:56:32.081Z" hostname="MacBook-Pro-de-Thomas-2.local" tests="5" failures="0" errors="0" skipped="0" time="0.217211416">
        <testcase classname="src/components/__tests__/stock-overview.test.tsx" name="StockOverview &gt; renders total items and products count" time="0.122319541">
        </testcase>
        <testcase classname="src/components/__tests__/stock-overview.test.tsx" name="StockOverview &gt; renders total value correctly" time="0.045889">
        </testcase>
        <testcase classname="src/components/__tests__/stock-overview.test.tsx" name="StockOverview &gt; renders low stock correctly when none are low" time="0.027407917">
        </testcase>
        <testcase classname="src/components/__tests__/stock-overview.test.tsx" name="StockOverview &gt; renders low stock correctly when some are low" time="0.008430125">
        </testcase>
        <testcase classname="src/components/__tests__/stock-overview.test.tsx" name="StockOverview &gt; renders categories count correctly" time="0.011172083">
        </testcase>
    </testsuite>
    <testsuite name="src/components/__tests__/stock-table.test.tsx" timestamp="2026-02-02T12:56:32.081Z" hostname="MacBook-Pro-de-Thomas-2.local" tests="11" failures="0" errors="0" skipped="0" time="0.716741916">
        <testcase classname="src/components/__tests__/stock-table.test.tsx" name="StockTable &gt; renders stock rows" time="0.128278375">
            <system-err>
Encountered two children with the same key, `[object Object]`. Keys should be unique so that components maintain their identity across updates. Non-unique keys may cause children to be duplicated and/or omitted — the behavior is unsupported and could change in a future version.
Encountered two children with the same key, `[object Object]`. Keys should be unique so that components maintain their identity across updates. Non-unique keys may cause children to be duplicated and/or omitted — the behavior is unsupported and could change in a future version.

            </system-err>
        </testcase>
        <testcase classname="src/components/__tests__/stock-table.test.tsx" name="StockTable &gt; displays low stock indicator" time="0.027194084">
            <system-err>
Encountered two children with the same key, `[object Object]`. Keys should be unique so that components maintain their identity across updates. Non-unique keys may cause children to be duplicated and/or omitted — the behavior is unsupported and could change in a future version.
Encountered two children with the same key, `[object Object]`. Keys should be unique so that components maintain their identity across updates. Non-unique keys may cause children to be duplicated and/or omitted — the behavior is unsupported and could change in a future version.

            </system-err>
        </testcase>
        <testcase classname="src/components/__tests__/stock-table.test.tsx" name="StockTable &gt; filters items by search" time="0.033947458">
            <system-err>
Encountered two children with the same key, `[object Object]`. Keys should be unique so that components maintain their identity across updates. Non-unique keys may cause children to be duplicated and/or omitted — the behavior is unsupported and could change in a future version.
Encountered two children with the same key, `[object Object]`. Keys should be unique so that components maintain their identity across updates. Non-unique keys may cause children to be duplicated and/or omitted — the behavior is unsupported and could change in a future version.

            </system-err>
        </testcase>
        <testcase classname="src/components/__tests__/stock-table.test.tsx" name="StockTable &gt; shows empty message if no match" time="0.022552667">
            <system-err>
Encountered two children with the same key, `[object Object]`. Keys should be unique so that components maintain their identity across updates. Non-unique keys may cause children to be duplicated and/or omitted — the behavior is unsupported and could change in a future version.
Encountered two children with the same key, `[object Object]`. Keys should be unique so that components maintain their identity across updates. Non-unique keys may cause children to be duplicated and/or omitted — the behavior is unsupported and could change in a future version.

            </system-err>
        </testcase>
        <testcase classname="src/components/__tests__/stock-table.test.tsx" name="StockTable &gt; sorts by quantity when column header is clicked" time="0.046573166">
            <system-err>
Encountered two children with the same key, `[object Object]`. Keys should be unique so that components maintain their identity across updates. Non-unique keys may cause children to be duplicated and/or omitted — the behavior is unsupported and could change in a future version.
Encountered two children with the same key, `[object Object]`. Keys should be unique so that components maintain their identity across updates. Non-unique keys may cause children to be duplicated and/or omitted — the behavior is unsupported and could change in a future version.
Encountered two children with the same key, `[object Object]`. Keys should be unique so that components maintain their identity across updates. Non-unique keys may cause children to be duplicated and/or omitted — the behavior is unsupported and could change in a future version.
Encountered two children with the same key, `[object Object]`. Keys should be unique so that components maintain their identity across updates. Non-unique keys may cause children to be duplicated and/or omitted — the behavior is unsupported and could change in a future version.
Encountered two children with the same key, `[object Object]`. Keys should be unique so that components maintain their identity across updates. Non-unique keys may cause children to be duplicated and/or omitted — the behavior is unsupported and could change in a future version.
Encountered two children with the same key, `[object Object]`. Keys should be unique so that components maintain their identity across updates. Non-unique keys may cause children to be duplicated and/or omitted — the behavior is unsupported and could change in a future version.

            </system-err>
        </testcase>
        <testcase classname="src/components/__tests__/stock-table.test.tsx" name="StockTable &gt; toggles sort direction when the same header is clicked twice" time="0.058950625">
            <system-err>
Encountered two children with the same key, `[object Object]`. Keys should be unique so that components maintain their identity across updates. Non-unique keys may cause children to be duplicated and/or omitted — the behavior is unsupported and could change in a future version.
Encountered two children with the same key, `[object Object]`. Keys should be unique so that components maintain their identity across updates. Non-unique keys may cause children to be duplicated and/or omitted — the behavior is unsupported and could change in a future version.
Encountered two children with the same key, `[object Object]`. Keys should be unique so that components maintain their identity across updates. Non-unique keys may cause children to be duplicated and/or omitted — the behavior is unsupported and could change in a future version.
Encountered two children with the same key, `[object Object]`. Keys should be unique so that components maintain their identity across updates. Non-unique keys may cause children to be duplicated and/or omitted — the behavior is unsupported and could change in a future version.
Encountered two children with the same key, `[object Object]`. Keys should be unique so that components maintain their identity across updates. Non-unique keys may cause children to be duplicated and/or omitted — the behavior is unsupported and could change in a future version.
Encountered two children with the same key, `[object Object]`. Keys should be unique so that components maintain their identity across updates. Non-unique keys may cause children to be duplicated and/or omitted — the behavior is unsupported and could change in a future version.

            </system-err>
        </testcase>
        <testcase classname="src/components/__tests__/stock-table.test.tsx" name="StockTable &gt; sorts by productType string values in both directions" time="0.021140417">
            <system-err>
Encountered two children with the same key, `[object Object]`. Keys should be unique so that components maintain their identity across updates. Non-unique keys may cause children to be duplicated and/or omitted — the behavior is unsupported and could change in a future version.
Encountered two children with the same key, `[object Object]`. Keys should be unique so that components maintain their identity across updates. Non-unique keys may cause children to be duplicated and/or omitted — the behavior is unsupported and could change in a future version.
Encountered two children with the same key, `[object Object]`. Keys should be unique so that components maintain their identity across updates. Non-unique keys may cause children to be duplicated and/or omitted — the behavior is unsupported and could change in a future version.
Encountered two children with the same key, `[object Object]`. Keys should be unique so that components maintain their identity across updates. Non-unique keys may cause children to be duplicated and/or omitted — the behavior is unsupported and could change in a future version.
Encountered two children with the same key, `[object Object]`. Keys should be unique so that components maintain their identity across updates. Non-unique keys may cause children to be duplicated and/or omitted — the behavior is unsupported and could change in a future version.
Encountered two children with the same key, `[object Object]`. Keys should be unique so that components maintain their identity across updates. Non-unique keys may cause children to be duplicated and/or omitted — the behavior is unsupported and could change in a future version.

            </system-err>
        </testcase>
        <testcase classname="src/components/__tests__/stock-table.test.tsx" name="StockTable &gt; sorts by purchasePrice correctly" time="0.026895333">
            <system-err>
Encountered two children with the same key, `[object Object]`. Keys should be unique so that components maintain their identity across updates. Non-unique keys may cause children to be duplicated and/or omitted — the behavior is unsupported and could change in a future version.
Encountered two children with the same key, `[object Object]`. Keys should be unique so that components maintain their identity across updates. Non-unique keys may cause children to be duplicated and/or omitted — the behavior is unsupported and could change in a future version.
Encountered two children with the same key, `[object Object]`. Keys should be unique so that components maintain their identity across updates. Non-unique keys may cause children to be duplicated and/or omitted — the behavior is unsupported and could change in a future version.
Encountered two children with the same key, `[object Object]`. Keys should be unique so that components maintain their identity across updates. Non-unique keys may cause children to be duplicated and/or omitted — the behavior is unsupported and could change in a future version.
Encountered two children with the same key, `[object Object]`. Keys should be unique so that components maintain their identity across updates. Non-unique keys may cause children to be duplicated and/or omitted — the behavior is unsupported and could change in a future version.
Encountered two children with the same key, `[object Object]`. Keys should be unique so that components maintain their identity across updates. Non-unique keys may cause children to be duplicated and/or omitted — the behavior is unsupported and could change in a future version.

            </system-err>
        </testcase>
        <testcase classname="src/components/__tests__/stock-table.test.tsx" name="StockTable &gt; joins productType array into a comma-separated string" time="0.025815375">
            <system-err>
Encountered two children with the same key, `[object Object]`. Keys should be unique so that components maintain their identity across updates. Non-unique keys may cause children to be duplicated and/or omitted — the behavior is unsupported and could change in a future version.
Encountered two children with the same key, `[object Object]`. Keys should be unique so that components maintain their identity across updates. Non-unique keys may cause children to be duplicated and/or omitted — the behavior is unsupported and could change in a future version.

            </system-err>
        </testcase>
        <testcase classname="src/components/__tests__/stock-table.test.tsx" name="StockTable &gt; displays productType when it is a simple string and resets sort direction when switching column" time="0.026232833">
            <system-err>
Encountered two children with the same key, `[object Object]`. Keys should be unique so that components maintain their identity across updates. Non-unique keys may cause children to be duplicated and/or omitted — the behavior is unsupported and could change in a future version.
Encountered two children with the same key, `[object Object]`. Keys should be unique so that components maintain their identity across updates. Non-unique keys may cause children to be duplicated and/or omitted — the behavior is unsupported and could change in a future version.
Encountered two children with the same key, `[object Object]`. Keys should be unique so that components maintain their identity across updates. Non-unique keys may cause children to be duplicated and/or omitted — the behavior is unsupported and could change in a future version.
Encountered two children with the same key, `[object Object]`. Keys should be unique so that components maintain their identity across updates. Non-unique keys may cause children to be duplicated and/or omitted — the behavior is unsupported and could change in a future version.
Encountered two children with the same key, `[object Object]`. Keys should be unique so that components maintain their identity across updates. Non-unique keys may cause children to be duplicated and/or omitted — the behavior is unsupported and could change in a future version.
Encountered two children with the same key, `[object Object]`. Keys should be unique so that components maintain their identity across updates. Non-unique keys may cause children to be duplicated and/or omitted — the behavior is unsupported and could change in a future version.

            </system-err>
        </testcase>
        <testcase classname="src/components/__tests__/stock-table.test.tsx" name="StockTable &gt; triggers onEdit and onDelete callbacks" time="0.298078792">
            <system-err>
Encountered two children with the same key, `[object Object]`. Keys should be unique so that components maintain their identity across updates. Non-unique keys may cause children to be duplicated and/or omitted — the behavior is unsupported and could change in a future version.
Encountered two children with the same key, `[object Object]`. Keys should be unique so that components maintain their identity across updates. Non-unique keys may cause children to be duplicated and/or omitted — the behavior is unsupported and could change in a future version.

            </system-err>
        </testcase>
    </testsuite>
    <testsuite name="src/hooks/__tests__/useCurrentUser.test.ts" timestamp="2026-02-02T12:56:32.082Z" hostname="MacBook-Pro-de-Thomas-2.local" tests="4" failures="0" errors="0" skipped="0" time="0.01347775">
        <testcase classname="src/hooks/__tests__/useCurrentUser.test.ts" name="useCurrentUser hook &gt; returns loading true while auth is loading" time="0.00932525">
        </testcase>
        <testcase classname="src/hooks/__tests__/useCurrentUser.test.ts" name="useCurrentUser hook &gt; returns not loading and not authenticated when auth done but no user" time="0.000921167">
        </testcase>
        <testcase classname="src/hooks/__tests__/useCurrentUser.test.ts" name="useCurrentUser hook &gt; returns loading true when authenticated but user query still null" time="0.0009885">
        </testcase>
        <testcase classname="src/hooks/__tests__/useCurrentUser.test.ts" name="useCurrentUser hook &gt; returns loaded and authenticated when user is returned" time="0.000733916">
        </testcase>
    </testsuite>
    <testsuite name="src/hooks/__tests__/useMobile.test.ts" timestamp="2026-02-02T12:56:32.082Z" hostname="MacBook-Pro-de-Thomas-2.local" tests="9" failures="0" errors="0" skipped="0" time="0.032995792">
        <testcase classname="src/hooks/__tests__/useMobile.test.ts" name="useScreenSize &gt; returns correct screen size &apos;xs&apos; for width 320" time="0.018939167">
        </testcase>
        <testcase classname="src/hooks/__tests__/useMobile.test.ts" name="useScreenSize &gt; returns correct screen size &apos;sm&apos; for width 500" time="0.001380167">
        </testcase>
        <testcase classname="src/hooks/__tests__/useMobile.test.ts" name="useScreenSize &gt; returns correct screen size &apos;md&apos; for width 700" time="0.00408825">
        </testcase>
        <testcase classname="src/hooks/__tests__/useMobile.test.ts" name="useScreenSize &gt; returns correct screen size &apos;lg&apos; for width 900" time="0.002499084">
        </testcase>
        <testcase classname="src/hooks/__tests__/useMobile.test.ts" name="useScreenSize &gt; returns correct screen size &apos;xl&apos; for width 1100" time="0.001185542">
        </testcase>
        <testcase classname="src/hooks/__tests__/useMobile.test.ts" name="useScreenSize &gt; returns correct screen size &apos;2xl&apos; for width 1400" time="0.001017">
        </testcase>
        <testcase classname="src/hooks/__tests__/useMobile.test.ts" name="useMobile &gt; returns true when screen is mobile (xs)" time="0.001230958">
        </testcase>
        <testcase classname="src/hooks/__tests__/useMobile.test.ts" name="useMobile &gt; returns true when screen is mobile (sm)" time="0.000840916">
        </testcase>
        <testcase classname="src/hooks/__tests__/useMobile.test.ts" name="useMobile &gt; returns false when screen is tablet or desktop" time="0.000947292">
        </testcase>
    </testsuite>
    <testsuite name="src/hooks/__tests__/useProducts.test.ts" timestamp="2026-02-02T12:56:32.083Z" hostname="MacBook-Pro-de-Thomas-2.local" tests="10" failures="0" errors="0" skipped="0" time="0.041531375">
        <testcase classname="src/hooks/__tests__/useProducts.test.ts" name="useProducts hook &gt; returns products and default state" time="0.008876625">
        </testcase>
        <testcase classname="src/hooks/__tests__/useProducts.test.ts" name="useProducts hook &gt; check if there is no showSkeleton after 100ms if loading" time="0.006526667">
        </testcase>
        <testcase classname="src/hooks/__tests__/useProducts.test.ts" name="useProducts hook &gt; calls addProduct mutation correctly" time="0.005270583">
        </testcase>
        <testcase classname="src/hooks/__tests__/useProducts.test.ts" name="useProducts hook &gt; calls updateProduct mutation correctly" time="0.003743125">
        </testcase>
        <testcase classname="src/hooks/__tests__/useProducts.test.ts" name="useProducts hook &gt; calls deleteProduct mutation correctly" time="0.007172125">
        </testcase>
        <testcase classname="src/hooks/__tests__/useProducts.test.ts" name="useProducts hook &gt; includes targetUserId when userId is provided" time="0.001907292">
        </testcase>
        <testcase classname="src/hooks/__tests__/useProducts.test.ts" name="useProducts hook &gt; products normalisation &gt; returns raw array as‑is" time="0.000995709">
        </testcase>
        <testcase classname="src/hooks/__tests__/useProducts.test.ts" name="useProducts hook &gt; products normalisation &gt; unwraps `page` property when data is paginated" time="0.000709166">
        </testcase>
        <testcase classname="src/hooks/__tests__/useProducts.test.ts" name="useProducts hook &gt; products normalisation &gt; falls back to empty array when data is undefined" time="0.001101584">
        </testcase>
        <testcase classname="src/hooks/__tests__/useProducts.test.ts" name="useProducts hook &gt; invalidates the query after a successful mutation" time="0.004321084">
        </testcase>
    </testsuite>
    <testsuite name="src/hooks/__tests__/useUsersLite.test.ts" timestamp="2026-02-02T12:56:32.083Z" hostname="MacBook-Pro-de-Thomas-2.local" tests="2" failures="0" errors="0" skipped="0" time="0.008487292">
        <testcase classname="src/hooks/__tests__/useUsersLite.test.ts" name="useUsersLite &gt; passes the initialNumItems argument through to usePaginatedQuery" time="0.006931042">
        </testcase>
        <testcase classname="src/hooks/__tests__/useUsersLite.test.ts" name="useUsersLite &gt; defaults initialNumItems to 10 when no argument is provided" time="0.000778791">
        </testcase>
    </testsuite>
    <testsuite name="src/lib/__tests__/getSizeClass.test.ts" timestamp="2026-02-02T12:56:32.083Z" hostname="MacBook-Pro-de-Thomas-2.local" tests="29" failures="0" errors="0" skipped="0" time="0.002893833">
        <testcase classname="src/lib/__tests__/getSizeClass.test.ts" name="getSizeClass &gt; returns correct class for screenSize=&quot;xs&quot; and size=&quot;sm&quot;" time="0.000593333">
        </testcase>
        <testcase classname="src/lib/__tests__/getSizeClass.test.ts" name="getSizeClass &gt; returns correct class for screenSize=&quot;xs&quot; and size=&quot;md&quot;" time="0.000077791">
        </testcase>
        <testcase classname="src/lib/__tests__/getSizeClass.test.ts" name="getSizeClass &gt; returns correct class for screenSize=&quot;xs&quot; and size=&quot;lg&quot;" time="0.000048958">
        </testcase>
        <testcase classname="src/lib/__tests__/getSizeClass.test.ts" name="getSizeClass &gt; returns correct class for screenSize=&quot;xs&quot; and size=&quot;xl&quot;" time="0.000109542">
        </testcase>
        <testcase classname="src/lib/__tests__/getSizeClass.test.ts" name="getSizeClass &gt; returns correct class for screenSize=&quot;xs&quot; and size=&quot;full&quot;" time="0.000121834">
        </testcase>
        <testcase classname="src/lib/__tests__/getSizeClass.test.ts" name="getSizeClass &gt; returns correct class for screenSize=&quot;sm&quot; and size=&quot;sm&quot;" time="0.000041833">
        </testcase>
        <testcase classname="src/lib/__tests__/getSizeClass.test.ts" name="getSizeClass &gt; returns correct class for screenSize=&quot;sm&quot; and size=&quot;md&quot;" time="0.000030917">
        </testcase>
        <testcase classname="src/lib/__tests__/getSizeClass.test.ts" name="getSizeClass &gt; returns correct class for screenSize=&quot;sm&quot; and size=&quot;lg&quot;" time="0.000031375">
        </testcase>
        <testcase classname="src/lib/__tests__/getSizeClass.test.ts" name="getSizeClass &gt; returns correct class for screenSize=&quot;sm&quot; and size=&quot;xl&quot;" time="0.000143334">
        </testcase>
        <testcase classname="src/lib/__tests__/getSizeClass.test.ts" name="getSizeClass &gt; returns correct class for screenSize=&quot;sm&quot; and size=&quot;full&quot;" time="0.000102583">
        </testcase>
        <testcase classname="src/lib/__tests__/getSizeClass.test.ts" name="getSizeClass &gt; returns correct class for screenSize=&quot;md&quot; and size=&quot;sm&quot;" time="0.000042833">
        </testcase>
        <testcase classname="src/lib/__tests__/getSizeClass.test.ts" name="getSizeClass &gt; returns correct class for screenSize=&quot;md&quot; and size=&quot;md&quot;" time="0.000028208">
        </testcase>
        <testcase classname="src/lib/__tests__/getSizeClass.test.ts" name="getSizeClass &gt; returns correct class for screenSize=&quot;md&quot; and size=&quot;lg&quot;" time="0.000028791">
        </testcase>
        <testcase classname="src/lib/__tests__/getSizeClass.test.ts" name="getSizeClass &gt; returns correct class for screenSize=&quot;md&quot; and size=&quot;xl&quot;" time="0.000083125">
        </testcase>
        <testcase classname="src/lib/__tests__/getSizeClass.test.ts" name="getSizeClass &gt; returns correct class for screenSize=&quot;md&quot; and size=&quot;full&quot;" time="0.000050667">
        </testcase>
        <testcase classname="src/lib/__tests__/getSizeClass.test.ts" name="getSizeClass &gt; returns correct class for screenSize=&quot;lg&quot; and size=&quot;sm&quot;" time="0.000028833">
        </testcase>
        <testcase classname="src/lib/__tests__/getSizeClass.test.ts" name="getSizeClass &gt; returns correct class for screenSize=&quot;lg&quot; and size=&quot;md&quot;" time="0.000024666">
        </testcase>
        <testcase classname="src/lib/__tests__/getSizeClass.test.ts" name="getSizeClass &gt; returns correct class for screenSize=&quot;lg&quot; and size=&quot;lg&quot;" time="0.000021042">
        </testcase>
        <testcase classname="src/lib/__tests__/getSizeClass.test.ts" name="getSizeClass &gt; returns correct class for screenSize=&quot;lg&quot; and size=&quot;xl&quot;" time="0.000020416">
        </testcase>
        <testcase classname="src/lib/__tests__/getSizeClass.test.ts" name="getSizeClass &gt; returns correct class for screenSize=&quot;lg&quot; and size=&quot;full&quot;" time="0.000059709">
        </testcase>
        <testcase classname="src/lib/__tests__/getSizeClass.test.ts" name="getSizeClass &gt; returns correct class for screenSize=&quot;xl&quot; and size=&quot;sm&quot;" time="0.000022834">
        </testcase>
        <testcase classname="src/lib/__tests__/getSizeClass.test.ts" name="getSizeClass &gt; returns correct class for screenSize=&quot;xl&quot; and size=&quot;md&quot;" time="0.000021542">
        </testcase>
        <testcase classname="src/lib/__tests__/getSizeClass.test.ts" name="getSizeClass &gt; returns correct class for screenSize=&quot;xl&quot; and size=&quot;lg&quot;" time="0.000021917">
        </testcase>
        <testcase classname="src/lib/__tests__/getSizeClass.test.ts" name="getSizeClass &gt; returns correct class for screenSize=&quot;xl&quot; and size=&quot;xl&quot;" time="0.000064666">
        </testcase>
        <testcase classname="src/lib/__tests__/getSizeClass.test.ts" name="getSizeClass &gt; returns correct class for screenSize=&quot;xl&quot; and size=&quot;full&quot;" time="0.000022959">
        </testcase>
        <testcase classname="src/lib/__tests__/getSizeClass.test.ts" name="getSizeClass &gt; returns default for unknown screenSize and known size" time="0.000031542">
        </testcase>
        <testcase classname="src/lib/__tests__/getSizeClass.test.ts" name="getSizeClass &gt; returns default for known screenSize and unknown size" time="0.000025584">
        </testcase>
        <testcase classname="src/lib/__tests__/getSizeClass.test.ts" name="getSizeClass &gt; returns default for known screenSize and unknown size" time="0.000024958">
        </testcase>
        <testcase classname="src/lib/__tests__/getSizeClass.test.ts" name="getSizeClass &gt; returns default for unknown screenSize and unknown size" time="0.000023833">
        </testcase>
    </testsuite>
</testsuites>
