<?xml version="1.0" encoding="UTF-8" ?>
<testsuites name="vitest tests" tests="176" failures="0" errors="0" time="8.471991081">
    <testsuite name="src/__tests__/AdminDashboard.test.tsx" timestamp="2026-02-05T21:53:44.510Z" hostname="MacBook-Pro-de-Thomas-2.local" tests="4" failures="0" errors="0" skipped="0" time="0.634826375">
        <testcase classname="src/__tests__/AdminDashboard.test.tsx" name="AdminDashboard &gt; renders AdminDashboard component" time="0.050356167">
        </testcase>
        <testcase classname="src/__tests__/AdminDashboard.test.tsx" name="AdminDashboard &gt; shows products to add to sale" time="0.421525083">
        </testcase>
        <testcase classname="src/__tests__/AdminDashboard.test.tsx" name="AdminDashboard &gt; can fill and submit the create event form" time="0.098651125">
        </testcase>
        <testcase classname="src/__tests__/AdminDashboard.test.tsx" name="AdminDashboard &gt; merges availableProducts without duplicates" time="0.06169375">
        </testcase>
    </testsuite>
    <testsuite name="src/__tests__/App.test.tsx" timestamp="2026-02-05T21:53:44.511Z" hostname="MacBook-Pro-de-Thomas-2.local" tests="10" failures="0" errors="0" skipped="0" time="0.470218917">
        <testcase classname="src/__tests__/App.test.tsx" name="App routing &gt; redirects to home if not signed in on RoleProtectedRoute" time="0.056965542">
        </testcase>
        <testcase classname="src/__tests__/App.test.tsx" name="App routing &gt; renders Home (sign-in) on root route when unauthenticated" time="0.016959375">
        </testcase>
        <testcase classname="src/__tests__/App.test.tsx" name="App routing &gt; redirects unauthenticated user from /products to Home" time="0.037530958">
        </testcase>
        <testcase classname="src/__tests__/App.test.tsx" name="App routing &gt; allows access to Products for authenticated user" time="0.243273125">
            <system-err>
[[&quot;convexQuery&quot;,&quot;functions/products:listProducts&quot;,{&quot;pageSize&quot;:10}]]: No queryFn was passed as an option, and no default queryFn was found. The queryFn parameter is only optional when using a default queryFn. More info here: https://tanstack.com/query/latest/docs/framework/react/guides/default-query-function
[[&quot;convexQuery&quot;,&quot;functions/products:listProducts&quot;,{&quot;pageSize&quot;:10}]]: No queryFn was passed as an option, and no default queryFn was found. The queryFn parameter is only optional when using a default queryFn. More info here: https://tanstack.com/query/latest/docs/framework/react/guides/default-query-function

            </system-err>
        </testcase>
        <testcase classname="src/__tests__/App.test.tsx" name="App routing &gt; redirects unknown routes to Home" time="0.03181875">
        </testcase>
        <testcase classname="src/__tests__/App.test.tsx" name="App routing &gt; renders nothing while auth is loading" time="0.007439292">
        </testcase>
        <testcase classname="src/__tests__/App.test.tsx" name="App routing &gt; allows access to admin dashboard for allowed role" time="0.021020791">
        </testcase>
        <testcase classname="src/__tests__/App.test.tsx" name="App routing &gt; redirects to dashboards when user role is not allowed" time="0.015246792">
        </testcase>
        <testcase classname="src/__tests__/App.test.tsx" name="App routing &gt; shows loading when auth is not yet loaded" time="0.017161666">
        </testcase>
        <testcase classname="src/__tests__/App.test.tsx" name="App routing &gt; redirects to dashboards if user role is undefined" time="0.021753792">
            <system-err>
User roles could not be determined

            </system-err>
        </testcase>
    </testsuite>
    <testsuite name="src/__tests__/Home.test.tsx" timestamp="2026-02-05T21:53:44.511Z" hostname="MacBook-Pro-de-Thomas-2.local" tests="3" failures="0" errors="0" skipped="0" time="0.071532416">
        <testcase classname="src/__tests__/Home.test.tsx" name="Home Component &gt; renders loading state when isLoading is true" time="0.042240334">
        </testcase>
        <testcase classname="src/__tests__/Home.test.tsx" name="Home Component &gt; renders SignIn page when unauthenticated" time="0.019775041">
            <system-err>
In HTML, &lt;button&gt; cannot be a descendant of &lt;button&gt;.
This will cause a hydration error.

  &lt;MemoryRouter&gt;
    &lt;Router basename={undefined} location={{pathname:&quot;/&quot;, ...}} navigationType=&quot;POP&quot; navigator={{index:0, ...}} ...&gt;
      &lt;App&gt;
        &lt;main&gt;
          &lt;Unauthenticated&gt;
            &lt;SignIn&gt;
              &lt;div className=&quot;min-h-scre...&quot;&gt;
                &lt;NavBar&gt;
                &lt;div className=&quot;flex-grow ...&quot;&gt;
                  &lt;p&gt;
                  &lt;SignInButton mode=&quot;modal&quot;&gt;
&gt;                   &lt;button&gt;
                      &lt;Button size=&quot;lg&quot; className=&quot;inline-blo...&quot;&gt;
&gt;                       &lt;button
&gt;                         data-slot=&quot;button&quot;
&gt;                         className={&quot;items-center justify-center gap-2 whitespace-nowrap text-sm disabled:pointer-ev...&quot;}
&gt;                       &gt;
                ...

&lt;button&gt; cannot contain a nested &lt;button&gt;.
See this log for the ancestor stack trace.

            </system-err>
        </testcase>
        <testcase classname="src/__tests__/Home.test.tsx" name="Home Component &gt; renders main content when authenticated" time="0.0078845">
        </testcase>
    </testsuite>
    <testsuite name="src/__tests__/Products.test.tsx" timestamp="2026-02-05T21:53:44.512Z" hostname="MacBook-Pro-de-Thomas-2.local" tests="12" failures="0" errors="0" skipped="0" time="1.113357208">
        <testcase classname="src/__tests__/Products.test.tsx" name="Products Component &gt; renders overview and tabs" time="0.381977542">
        </testcase>
        <testcase classname="src/__tests__/Products.test.tsx" name="Products Component &gt; renders Current Inventory section with alert" time="0.063722208">
        </testcase>
        <testcase classname="src/__tests__/Products.test.tsx" name="Products Component &gt; switches to analytics tab and shows chart" time="0.078683708">
        </testcase>
        <testcase classname="src/__tests__/Products.test.tsx" name="Products Component &gt; opens add dialog and triggers submit" time="0.089890667">
        </testcase>
        <testcase classname="src/__tests__/Products.test.tsx" name="Products Component &gt; opens edit dialog and submits updated item" time="0.08006">
        </testcase>
        <testcase classname="src/__tests__/Products.test.tsx" name="Products Component &gt; cancels Add Item dialog without calling mutate" time="0.093312">
        </testcase>
        <testcase classname="src/__tests__/Products.test.tsx" name="Products Component &gt; calls addProduct.mutate with form data then closes dialog" time="0.093806625">
        </testcase>
        <testcase classname="src/__tests__/Products.test.tsx" name="Products Component &gt; cancels Edit Item dialog without calling updateProduct" time="0.065846833">
        </testcase>
        <testcase classname="src/__tests__/Products.test.tsx" name="Products Component &gt; calls updateProduct.mutate with correct data then closes dialog" time="0.083045834">
        </testcase>
        <testcase classname="src/__tests__/Products.test.tsx" name="Products Component &gt; calls deleteProduct.mutate when Delete button is clicked" time="0.062734834">
        </testcase>
        <testcase classname="src/__tests__/Products.test.tsx" name="Products Component &gt; calls deleteProduct when clicking delete" time="0.009705083">
        </testcase>
        <testcase classname="src/__tests__/Products.test.tsx" name="Products Component &gt; shows RoleBadge and user selector when user is admin" time="0.009264958">
        </testcase>
    </testsuite>
    <testsuite name="src/__tests__/UserDashboard.test.tsx" timestamp="2026-02-05T21:53:44.512Z" hostname="MacBook-Pro-de-Thomas-2.local" tests="16" failures="0" errors="0" skipped="0" time="0.776567667">
        <testcase classname="src/__tests__/UserDashboard.test.tsx" name="UserDashboard &gt; renders the dashboard with user information" time="0.038305041">
        </testcase>
        <testcase classname="src/__tests__/UserDashboard.test.tsx" name="UserDashboard &gt; displays navbar and footer" time="0.004881333">
        </testcase>
        <testcase classname="src/__tests__/UserDashboard.test.tsx" name="UserDashboard &gt; displays products list correctly" time="0.010694834">
        </testcase>
        <testcase classname="src/__tests__/UserDashboard.test.tsx" name="UserDashboard &gt; shows message when no products exist" time="0.007368834">
        </testcase>
        <testcase classname="src/__tests__/UserDashboard.test.tsx" name="UserDashboard &gt; opens add product dialog when button is clicked" time="0.270075167">
        </testcase>
        <testcase classname="src/__tests__/UserDashboard.test.tsx" name="UserDashboard &gt; handles add product error" time="0.107118541">
        </testcase>
        <testcase classname="src/__tests__/UserDashboard.test.tsx" name="UserDashboard &gt; cancels add product dialog" time="0.063114834">
        </testcase>
        <testcase classname="src/__tests__/UserDashboard.test.tsx" name="UserDashboard &gt; displays my events participation" time="0.011117917">
        </testcase>
        <testcase classname="src/__tests__/UserDashboard.test.tsx" name="UserDashboard &gt; shows message when no event participation" time="0.047363917">
        </testcase>
        <testcase classname="src/__tests__/UserDashboard.test.tsx" name="UserDashboard &gt; handles leaving an event with confirmation" time="0.04573">
        </testcase>
        <testcase classname="src/__tests__/UserDashboard.test.tsx" name="UserDashboard &gt; cancels leaving event when user declines confirmation" time="0.021117042">
        </testcase>
        <testcase classname="src/__tests__/UserDashboard.test.tsx" name="UserDashboard &gt; handles leave event error" time="0.052953375">
        </testcase>
        <testcase classname="src/__tests__/UserDashboard.test.tsx" name="UserDashboard &gt; handles leave event when user is not identified" time="0.030446375">
        </testcase>
        <testcase classname="src/__tests__/UserDashboard.test.tsx" name="UserDashboard &gt; prevents form submission when required fields are empty" time="0.056392">
        </testcase>
        <testcase classname="src/__tests__/UserDashboard.test.tsx" name="UserDashboard &gt; handles empty products and events arrays" time="0.004292">
        </testcase>
        <testcase classname="src/__tests__/UserDashboard.test.tsx" name="UserDashboard &gt; handles null/undefined query results" time="0.003630708">
        </testcase>
    </testsuite>
    <testsuite name="src/components/__tests__/navbar.test.tsx" timestamp="2026-02-05T21:53:44.513Z" hostname="MacBook-Pro-de-Thomas-2.local" tests="4" failures="0" errors="0" skipped="0" time="0.144154375">
        <testcase classname="src/components/__tests__/navbar.test.tsx" name="NavBar &gt; should render the title" time="0.040981709">
        </testcase>
        <testcase classname="src/components/__tests__/navbar.test.tsx" name="NavBar &gt; should navigate to &apos;/&apos; on title click" time="0.006513667">
        </testcase>
        <testcase classname="src/components/__tests__/navbar.test.tsx" name="NavBar &gt; should contain a link to the GitHub repository" time="0.091174167">
        </testcase>
        <testcase classname="src/components/__tests__/navbar.test.tsx" name="NavBar &gt; should render children elements" time="0.003761542">
        </testcase>
    </testsuite>
    <testsuite name="src/components/__tests__/responsive-dialog.test.tsx" timestamp="2026-02-05T21:53:44.514Z" hostname="MacBook-Pro-de-Thomas-2.local" tests="29" failures="0" errors="0" skipped="0" time="0.684319167">
        <testcase classname="src/components/__tests__/responsive-dialog.test.tsx" name="ResponsiveDialog &gt; should not render when not mounted (SSR mismatch guard)" time="0.460192375">
        </testcase>
        <testcase classname="src/components/__tests__/responsive-dialog.test.tsx" name="ResponsiveDialog &gt; should render title, description and children correctly" time="0.024949583">
        </testcase>
        <testcase classname="src/components/__tests__/responsive-dialog.test.tsx" name="ResponsiveDialog &gt; should apply correct class based on screenSize and size" time="0.010998125">
        </testcase>
        <testcase classname="src/components/__tests__/responsive-dialog.test.tsx" name="ResponsiveDialog &gt; should call onOpenChange when closing dialog" time="0.015441792">
        </testcase>
        <testcase classname="src/components/__tests__/responsive-dialog.test.tsx" name="ResponsiveDialog - size class mapping &gt; should apply correct class for screenSize=&quot;xs&quot; and size=&quot;sm&quot;" time="0.005273375">
        </testcase>
        <testcase classname="src/components/__tests__/responsive-dialog.test.tsx" name="ResponsiveDialog - size class mapping &gt; should apply correct class for screenSize=&quot;xs&quot; and size=&quot;md&quot;" time="0.005002625">
        </testcase>
        <testcase classname="src/components/__tests__/responsive-dialog.test.tsx" name="ResponsiveDialog - size class mapping &gt; should apply correct class for screenSize=&quot;xs&quot; and size=&quot;lg&quot;" time="0.010462833">
        </testcase>
        <testcase classname="src/components/__tests__/responsive-dialog.test.tsx" name="ResponsiveDialog - size class mapping &gt; should apply correct class for screenSize=&quot;xs&quot; and size=&quot;xl&quot;" time="0.006012041">
        </testcase>
        <testcase classname="src/components/__tests__/responsive-dialog.test.tsx" name="ResponsiveDialog - size class mapping &gt; should apply correct class for screenSize=&quot;xs&quot; and size=&quot;full&quot;" time="0.004007166">
        </testcase>
        <testcase classname="src/components/__tests__/responsive-dialog.test.tsx" name="ResponsiveDialog - size class mapping &gt; should apply correct class for screenSize=&quot;sm&quot; and size=&quot;sm&quot;" time="0.008348458">
        </testcase>
        <testcase classname="src/components/__tests__/responsive-dialog.test.tsx" name="ResponsiveDialog - size class mapping &gt; should apply correct class for screenSize=&quot;sm&quot; and size=&quot;md&quot;" time="0.010656208">
        </testcase>
        <testcase classname="src/components/__tests__/responsive-dialog.test.tsx" name="ResponsiveDialog - size class mapping &gt; should apply correct class for screenSize=&quot;sm&quot; and size=&quot;lg&quot;" time="0.010365916">
        </testcase>
        <testcase classname="src/components/__tests__/responsive-dialog.test.tsx" name="ResponsiveDialog - size class mapping &gt; should apply correct class for screenSize=&quot;sm&quot; and size=&quot;xl&quot;" time="0.005074583">
        </testcase>
        <testcase classname="src/components/__tests__/responsive-dialog.test.tsx" name="ResponsiveDialog - size class mapping &gt; should apply correct class for screenSize=&quot;sm&quot; and size=&quot;full&quot;" time="0.007410583">
        </testcase>
        <testcase classname="src/components/__tests__/responsive-dialog.test.tsx" name="ResponsiveDialog - size class mapping &gt; should apply correct class for screenSize=&quot;md&quot; and size=&quot;sm&quot;" time="0.0026435">
        </testcase>
        <testcase classname="src/components/__tests__/responsive-dialog.test.tsx" name="ResponsiveDialog - size class mapping &gt; should apply correct class for screenSize=&quot;md&quot; and size=&quot;md&quot;" time="0.029577167">
        </testcase>
        <testcase classname="src/components/__tests__/responsive-dialog.test.tsx" name="ResponsiveDialog - size class mapping &gt; should apply correct class for screenSize=&quot;md&quot; and size=&quot;lg&quot;" time="0.010955583">
        </testcase>
        <testcase classname="src/components/__tests__/responsive-dialog.test.tsx" name="ResponsiveDialog - size class mapping &gt; should apply correct class for screenSize=&quot;md&quot; and size=&quot;xl&quot;" time="0.007272792">
        </testcase>
        <testcase classname="src/components/__tests__/responsive-dialog.test.tsx" name="ResponsiveDialog - size class mapping &gt; should apply correct class for screenSize=&quot;md&quot; and size=&quot;full&quot;" time="0.005700459">
        </testcase>
        <testcase classname="src/components/__tests__/responsive-dialog.test.tsx" name="ResponsiveDialog - size class mapping &gt; should apply correct class for screenSize=&quot;lg&quot; and size=&quot;sm&quot;" time="0.003175833">
        </testcase>
        <testcase classname="src/components/__tests__/responsive-dialog.test.tsx" name="ResponsiveDialog - size class mapping &gt; should apply correct class for screenSize=&quot;lg&quot; and size=&quot;md&quot;" time="0.002040791">
        </testcase>
        <testcase classname="src/components/__tests__/responsive-dialog.test.tsx" name="ResponsiveDialog - size class mapping &gt; should apply correct class for screenSize=&quot;lg&quot; and size=&quot;lg&quot;" time="0.002960458">
        </testcase>
        <testcase classname="src/components/__tests__/responsive-dialog.test.tsx" name="ResponsiveDialog - size class mapping &gt; should apply correct class for screenSize=&quot;lg&quot; and size=&quot;xl&quot;" time="0.012463334">
        </testcase>
        <testcase classname="src/components/__tests__/responsive-dialog.test.tsx" name="ResponsiveDialog - size class mapping &gt; should apply correct class for screenSize=&quot;lg&quot; and size=&quot;full&quot;" time="0.006080958">
        </testcase>
        <testcase classname="src/components/__tests__/responsive-dialog.test.tsx" name="ResponsiveDialog - size class mapping &gt; should apply correct class for screenSize=&quot;xl&quot; and size=&quot;sm&quot;" time="0.005787916">
        </testcase>
        <testcase classname="src/components/__tests__/responsive-dialog.test.tsx" name="ResponsiveDialog - size class mapping &gt; should apply correct class for screenSize=&quot;xl&quot; and size=&quot;md&quot;" time="0.002097958">
        </testcase>
        <testcase classname="src/components/__tests__/responsive-dialog.test.tsx" name="ResponsiveDialog - size class mapping &gt; should apply correct class for screenSize=&quot;xl&quot; and size=&quot;lg&quot;" time="0.002285709">
        </testcase>
        <testcase classname="src/components/__tests__/responsive-dialog.test.tsx" name="ResponsiveDialog - size class mapping &gt; should apply correct class for screenSize=&quot;xl&quot; and size=&quot;xl&quot;" time="0.003090542">
        </testcase>
        <testcase classname="src/components/__tests__/responsive-dialog.test.tsx" name="ResponsiveDialog - size class mapping &gt; should apply correct class for screenSize=&quot;xl&quot; and size=&quot;full&quot;" time="0.002245292">
        </testcase>
    </testsuite>
    <testsuite name="src/components/__tests__/role-badge.test.tsx" timestamp="2026-02-05T21:53:44.516Z" hostname="MacBook-Pro-de-Thomas-2.local" tests="2" failures="0" errors="0" skipped="0" time="0.189363958">
        <testcase classname="src/components/__tests__/role-badge.test.tsx" name="RoleBadge component &gt; renders the provided role text" time="0.063663792">
        </testcase>
        <testcase classname="src/components/__tests__/role-badge.test.tsx" name="RoleBadge component &gt; renders as a small outline button with pointer‑events disabled" time="0.123668042">
        </testcase>
    </testsuite>
    <testsuite name="src/components/__tests__/stock-charts.test.tsx" timestamp="2026-02-05T21:53:44.516Z" hostname="MacBook-Pro-de-Thomas-2.local" tests="7" failures="0" errors="0" skipped="0" time="0.168388042">
        <testcase classname="src/components/__tests__/stock-charts.test.tsx" name="StockCharts &gt; renders pie chart and bar chart on desktop" time="0.098594166">
            <system-err>
The width(0) and height(0) of chart should be greater than 0,
       please check the style of container, or the props width(100%) and height(100%),
       or add a minWidth(0) or minHeight(undefined) or use aspect(undefined) to control the
       height and width.
The width(0) and height(0) of chart should be greater than 0,
       please check the style of container, or the props width(100%) and height(100%),
       or add a minWidth(0) or minHeight(undefined) or use aspect(undefined) to control the
       height and width.

            </system-err>
        </testcase>
        <testcase classname="src/components/__tests__/stock-charts.test.tsx" name="StockCharts &gt; only renders pie chart on small screens" time="0.044093541">
            <system-err>
The width(0) and height(0) of chart should be greater than 0,
       please check the style of container, or the props width(100%) and height(100%),
       or add a minWidth(0) or minHeight(undefined) or use aspect(undefined) to control the
       height and width.

            </system-err>
        </testcase>
        <testcase classname="src/components/__tests__/stock-charts.test.tsx" name="StockCharts &gt; aggregates quantities when product type appears multiple times (else path)" time="0.008926167">
            <system-err>
The width(0) and height(0) of chart should be greater than 0,
       please check the style of container, or the props width(100%) and height(100%),
       or add a minWidth(0) or minHeight(undefined) or use aspect(undefined) to control the
       height and width.
The width(0) and height(0) of chart should be greater than 0,
       please check the style of container, or the props width(100%) and height(100%),
       or add a minWidth(0) or minHeight(undefined) or use aspect(undefined) to control the
       height and width.

            </system-err>
        </testcase>
        <testcase classname="src/components/__tests__/stock-charts.test.tsx" name="StockCharts &gt; displays correct category labels" time="0.009125291">
            <system-err>
The width(0) and height(0) of chart should be greater than 0,
       please check the style of container, or the props width(100%) and height(100%),
       or add a minWidth(0) or minHeight(undefined) or use aspect(undefined) to control the
       height and width.
The width(0) and height(0) of chart should be greater than 0,
       please check the style of container, or the props width(100%) and height(100%),
       or add a minWidth(0) or minHeight(undefined) or use aspect(undefined) to control the
       height and width.

            </system-err>
        </testcase>
        <testcase classname="src/components/__tests__/stock-charts.test.tsx" name="StockCharts &gt; handles empty stock gracefully" time="0.004711083">
            <system-err>
The width(0) and height(0) of chart should be greater than 0,
       please check the style of container, or the props width(100%) and height(100%),
       or add a minWidth(0) or minHeight(undefined) or use aspect(undefined) to control the
       height and width.
The width(0) and height(0) of chart should be greater than 0,
       please check the style of container, or the props width(100%) and height(100%),
       or add a minWidth(0) or minHeight(undefined) or use aspect(undefined) to control the
       height and width.

            </system-err>
        </testcase>
        <testcase classname="src/components/__tests__/stock-charts.test.tsx" name="StockCharts &gt; formats pie chart label correctly" time="0.000445208">
        </testcase>
        <testcase classname="src/components/__tests__/stock-charts.test.tsx" name="StockCharts &gt; formats Y axis tick correctly" time="0.000078458">
        </testcase>
    </testsuite>
    <testsuite name="src/components/__tests__/stock-form.test.tsx" timestamp="2026-02-05T21:53:44.517Z" hostname="MacBook-Pro-de-Thomas-2.local" tests="19" failures="0" errors="0" skipped="0" time="2.821176792">
        <testcase classname="src/components/__tests__/stock-form.test.tsx" name="StockForm &gt; renders form with initial data" time="0.612982">
        </testcase>
        <testcase classname="src/components/__tests__/stock-form.test.tsx" name="StockForm &gt; prefills sellDate when initialData contains sellDate" time="0.131718625">
        </testcase>
        <testcase classname="src/components/__tests__/stock-form.test.tsx" name="StockForm &gt; adds and removes licence fields" time="0.226762125">
        </testcase>
        <testcase classname="src/components/__tests__/stock-form.test.tsx" name="StockForm &gt; adds and removes character fields" time="0.108161375">
        </testcase>
        <testcase classname="src/components/__tests__/stock-form.test.tsx" name="StockForm &gt; toggles product type checkboxes" time="0.106488">
        </testcase>
        <testcase classname="src/components/__tests__/stock-form.test.tsx" name="StockForm &gt; clears validation errors when fields are updated" time="0.263674417">
        </testcase>
        <testcase classname="src/components/__tests__/stock-form.test.tsx" name="StockForm &gt; calls onCancel when cancel button is clicked" time="0.041094916">
        </testcase>
        <testcase classname="src/components/__tests__/stock-form.test.tsx" name="StockForm &gt; applies error styles to invalid fields" time="0.075811834">
        </testcase>
        <testcase classname="src/components/__tests__/stock-form.test.tsx" name="StockForm &gt; submits sell data when editing" time="0.250775">
        </testcase>
        <testcase classname="src/components/__tests__/stock-form.test.tsx" name="StockForm &gt; handles purchaseLocation field correctly" time="0.084322">
        </testcase>
        <testcase classname="src/components/__tests__/stock-form.test.tsx" name="StockForm &gt; handles purchaseDate field correctly" time="0.059374667">
        </testcase>
        <testcase classname="src/components/__tests__/stock-form.test.tsx" name="StockForm &gt; handles purchasePrice field correctly" time="0.06396925">
            <system-err>
A component is changing an uncontrolled input to be controlled. This is likely caused by the value changing from undefined to a defined value, which should not happen. Decide between using a controlled or uncontrolled input element for the lifetime of the component. More info: https://react.dev/link/controlled-components

            </system-err>
        </testcase>
        <testcase classname="src/components/__tests__/stock-form.test.tsx" name="StockForm &gt; handles threshold field correctly" time="0.062830667">
        </testcase>
        <testcase classname="src/components/__tests__/stock-form.test.tsx" name="StockForm &gt; handles quantity field correctly" time="0.075290166">
        </testcase>
        <testcase classname="src/components/__tests__/stock-form.test.tsx" name="StockForm &gt; handles storageLocation field correctly" time="0.11752375">
        </testcase>
        <testcase classname="src/components/__tests__/stock-form.test.tsx" name="StockForm &gt; handles description field correctly" time="0.115040791">
        </testcase>
        <testcase classname="src/components/__tests__/stock-form.test.tsx" name="StockForm &gt; handles condition field correctly" time="0.121493083">
        </testcase>
        <testcase classname="src/components/__tests__/stock-form.test.tsx" name="StockForm &gt; handles status field correctly" time="0.104205709">
        </testcase>
        <testcase classname="src/components/__tests__/stock-form.test.tsx" name="StockForm &gt; updates array fields correctly" time="0.19621525">
        </testcase>
    </testsuite>
    <testsuite name="src/components/__tests__/stock-overview.test.tsx" timestamp="2026-02-05T21:53:44.517Z" hostname="MacBook-Pro-de-Thomas-2.local" tests="5" failures="0" errors="0" skipped="0" time="0.128290583">
        <testcase classname="src/components/__tests__/stock-overview.test.tsx" name="StockOverview &gt; renders total items and products count" time="0.036028083">
        </testcase>
        <testcase classname="src/components/__tests__/stock-overview.test.tsx" name="StockOverview &gt; renders total value correctly" time="0.060400375">
        </testcase>
        <testcase classname="src/components/__tests__/stock-overview.test.tsx" name="StockOverview &gt; renders low stock correctly when none are low" time="0.015615375">
        </testcase>
        <testcase classname="src/components/__tests__/stock-overview.test.tsx" name="StockOverview &gt; renders low stock correctly when some are low" time="0.010444041">
        </testcase>
        <testcase classname="src/components/__tests__/stock-overview.test.tsx" name="StockOverview &gt; renders categories count correctly" time="0.004431333">
        </testcase>
    </testsuite>
    <testsuite name="src/components/__tests__/stock-table.test.tsx" timestamp="2026-02-05T21:53:44.518Z" hostname="MacBook-Pro-de-Thomas-2.local" tests="11" failures="0" errors="0" skipped="0" time="1.146730875">
        <testcase classname="src/components/__tests__/stock-table.test.tsx" name="StockTable &gt; renders stock rows" time="0.0917235">
            <system-err>
Encountered two children with the same key, `[object Object]`. Keys should be unique so that components maintain their identity across updates. Non-unique keys may cause children to be duplicated and/or omitted — the behavior is unsupported and could change in a future version.
Encountered two children with the same key, `[object Object]`. Keys should be unique so that components maintain their identity across updates. Non-unique keys may cause children to be duplicated and/or omitted — the behavior is unsupported and could change in a future version.

            </system-err>
        </testcase>
        <testcase classname="src/components/__tests__/stock-table.test.tsx" name="StockTable &gt; displays low stock indicator" time="0.017870417">
            <system-err>
Encountered two children with the same key, `[object Object]`. Keys should be unique so that components maintain their identity across updates. Non-unique keys may cause children to be duplicated and/or omitted — the behavior is unsupported and could change in a future version.
Encountered two children with the same key, `[object Object]`. Keys should be unique so that components maintain their identity across updates. Non-unique keys may cause children to be duplicated and/or omitted — the behavior is unsupported and could change in a future version.

            </system-err>
        </testcase>
        <testcase classname="src/components/__tests__/stock-table.test.tsx" name="StockTable &gt; filters items by search" time="0.014945209">
            <system-err>
Encountered two children with the same key, `[object Object]`. Keys should be unique so that components maintain their identity across updates. Non-unique keys may cause children to be duplicated and/or omitted — the behavior is unsupported and could change in a future version.
Encountered two children with the same key, `[object Object]`. Keys should be unique so that components maintain their identity across updates. Non-unique keys may cause children to be duplicated and/or omitted — the behavior is unsupported and could change in a future version.

            </system-err>
        </testcase>
        <testcase classname="src/components/__tests__/stock-table.test.tsx" name="StockTable &gt; shows empty message if no match" time="0.031775584">
            <system-err>
Encountered two children with the same key, `[object Object]`. Keys should be unique so that components maintain their identity across updates. Non-unique keys may cause children to be duplicated and/or omitted — the behavior is unsupported and could change in a future version.
Encountered two children with the same key, `[object Object]`. Keys should be unique so that components maintain their identity across updates. Non-unique keys may cause children to be duplicated and/or omitted — the behavior is unsupported and could change in a future version.

            </system-err>
        </testcase>
        <testcase classname="src/components/__tests__/stock-table.test.tsx" name="StockTable &gt; sorts by quantity when column header is clicked" time="0.099687292">
            <system-err>
Encountered two children with the same key, `[object Object]`. Keys should be unique so that components maintain their identity across updates. Non-unique keys may cause children to be duplicated and/or omitted — the behavior is unsupported and could change in a future version.
Encountered two children with the same key, `[object Object]`. Keys should be unique so that components maintain their identity across updates. Non-unique keys may cause children to be duplicated and/or omitted — the behavior is unsupported and could change in a future version.
Encountered two children with the same key, `[object Object]`. Keys should be unique so that components maintain their identity across updates. Non-unique keys may cause children to be duplicated and/or omitted — the behavior is unsupported and could change in a future version.
Encountered two children with the same key, `[object Object]`. Keys should be unique so that components maintain their identity across updates. Non-unique keys may cause children to be duplicated and/or omitted — the behavior is unsupported and could change in a future version.
Encountered two children with the same key, `[object Object]`. Keys should be unique so that components maintain their identity across updates. Non-unique keys may cause children to be duplicated and/or omitted — the behavior is unsupported and could change in a future version.
Encountered two children with the same key, `[object Object]`. Keys should be unique so that components maintain their identity across updates. Non-unique keys may cause children to be duplicated and/or omitted — the behavior is unsupported and could change in a future version.

            </system-err>
        </testcase>
        <testcase classname="src/components/__tests__/stock-table.test.tsx" name="StockTable &gt; toggles sort direction when the same header is clicked twice" time="0.089950458">
            <system-err>
Encountered two children with the same key, `[object Object]`. Keys should be unique so that components maintain their identity across updates. Non-unique keys may cause children to be duplicated and/or omitted — the behavior is unsupported and could change in a future version.
Encountered two children with the same key, `[object Object]`. Keys should be unique so that components maintain their identity across updates. Non-unique keys may cause children to be duplicated and/or omitted — the behavior is unsupported and could change in a future version.
Encountered two children with the same key, `[object Object]`. Keys should be unique so that components maintain their identity across updates. Non-unique keys may cause children to be duplicated and/or omitted — the behavior is unsupported and could change in a future version.
Encountered two children with the same key, `[object Object]`. Keys should be unique so that components maintain their identity across updates. Non-unique keys may cause children to be duplicated and/or omitted — the behavior is unsupported and could change in a future version.
Encountered two children with the same key, `[object Object]`. Keys should be unique so that components maintain their identity across updates. Non-unique keys may cause children to be duplicated and/or omitted — the behavior is unsupported and could change in a future version.
Encountered two children with the same key, `[object Object]`. Keys should be unique so that components maintain their identity across updates. Non-unique keys may cause children to be duplicated and/or omitted — the behavior is unsupported and could change in a future version.

            </system-err>
        </testcase>
        <testcase classname="src/components/__tests__/stock-table.test.tsx" name="StockTable &gt; sorts by productType string values in both directions" time="0.052585292">
            <system-err>
Encountered two children with the same key, `[object Object]`. Keys should be unique so that components maintain their identity across updates. Non-unique keys may cause children to be duplicated and/or omitted — the behavior is unsupported and could change in a future version.
Encountered two children with the same key, `[object Object]`. Keys should be unique so that components maintain their identity across updates. Non-unique keys may cause children to be duplicated and/or omitted — the behavior is unsupported and could change in a future version.
Encountered two children with the same key, `[object Object]`. Keys should be unique so that components maintain their identity across updates. Non-unique keys may cause children to be duplicated and/or omitted — the behavior is unsupported and could change in a future version.
Encountered two children with the same key, `[object Object]`. Keys should be unique so that components maintain their identity across updates. Non-unique keys may cause children to be duplicated and/or omitted — the behavior is unsupported and could change in a future version.
Encountered two children with the same key, `[object Object]`. Keys should be unique so that components maintain their identity across updates. Non-unique keys may cause children to be duplicated and/or omitted — the behavior is unsupported and could change in a future version.
Encountered two children with the same key, `[object Object]`. Keys should be unique so that components maintain their identity across updates. Non-unique keys may cause children to be duplicated and/or omitted — the behavior is unsupported and could change in a future version.

            </system-err>
        </testcase>
        <testcase classname="src/components/__tests__/stock-table.test.tsx" name="StockTable &gt; sorts by purchasePrice correctly" time="0.053753583">
            <system-err>
Encountered two children with the same key, `[object Object]`. Keys should be unique so that components maintain their identity across updates. Non-unique keys may cause children to be duplicated and/or omitted — the behavior is unsupported and could change in a future version.
Encountered two children with the same key, `[object Object]`. Keys should be unique so that components maintain their identity across updates. Non-unique keys may cause children to be duplicated and/or omitted — the behavior is unsupported and could change in a future version.
Encountered two children with the same key, `[object Object]`. Keys should be unique so that components maintain their identity across updates. Non-unique keys may cause children to be duplicated and/or omitted — the behavior is unsupported and could change in a future version.
Encountered two children with the same key, `[object Object]`. Keys should be unique so that components maintain their identity across updates. Non-unique keys may cause children to be duplicated and/or omitted — the behavior is unsupported and could change in a future version.
Encountered two children with the same key, `[object Object]`. Keys should be unique so that components maintain their identity across updates. Non-unique keys may cause children to be duplicated and/or omitted — the behavior is unsupported and could change in a future version.
Encountered two children with the same key, `[object Object]`. Keys should be unique so that components maintain their identity across updates. Non-unique keys may cause children to be duplicated and/or omitted — the behavior is unsupported and could change in a future version.

            </system-err>
        </testcase>
        <testcase classname="src/components/__tests__/stock-table.test.tsx" name="StockTable &gt; joins productType array into a comma-separated string" time="0.057622709">
            <system-err>
Encountered two children with the same key, `[object Object]`. Keys should be unique so that components maintain their identity across updates. Non-unique keys may cause children to be duplicated and/or omitted — the behavior is unsupported and could change in a future version.
Encountered two children with the same key, `[object Object]`. Keys should be unique so that components maintain their identity across updates. Non-unique keys may cause children to be duplicated and/or omitted — the behavior is unsupported and could change in a future version.

            </system-err>
        </testcase>
        <testcase classname="src/components/__tests__/stock-table.test.tsx" name="StockTable &gt; displays productType when it is a simple string and resets sort direction when switching column" time="0.046058917">
            <system-err>
Encountered two children with the same key, `[object Object]`. Keys should be unique so that components maintain their identity across updates. Non-unique keys may cause children to be duplicated and/or omitted — the behavior is unsupported and could change in a future version.
Encountered two children with the same key, `[object Object]`. Keys should be unique so that components maintain their identity across updates. Non-unique keys may cause children to be duplicated and/or omitted — the behavior is unsupported and could change in a future version.
Encountered two children with the same key, `[object Object]`. Keys should be unique so that components maintain their identity across updates. Non-unique keys may cause children to be duplicated and/or omitted — the behavior is unsupported and could change in a future version.
Encountered two children with the same key, `[object Object]`. Keys should be unique so that components maintain their identity across updates. Non-unique keys may cause children to be duplicated and/or omitted — the behavior is unsupported and could change in a future version.
Encountered two children with the same key, `[object Object]`. Keys should be unique so that components maintain their identity across updates. Non-unique keys may cause children to be duplicated and/or omitted — the behavior is unsupported and could change in a future version.
Encountered two children with the same key, `[object Object]`. Keys should be unique so that components maintain their identity across updates. Non-unique keys may cause children to be duplicated and/or omitted — the behavior is unsupported and could change in a future version.

            </system-err>
        </testcase>
        <testcase classname="src/components/__tests__/stock-table.test.tsx" name="StockTable &gt; triggers onEdit and onDelete callbacks" time="0.58891725">
            <system-err>
Encountered two children with the same key, `[object Object]`. Keys should be unique so that components maintain their identity across updates. Non-unique keys may cause children to be duplicated and/or omitted — the behavior is unsupported and could change in a future version.
Encountered two children with the same key, `[object Object]`. Keys should be unique so that components maintain their identity across updates. Non-unique keys may cause children to be duplicated and/or omitted — the behavior is unsupported and could change in a future version.

            </system-err>
        </testcase>
    </testsuite>
    <testsuite name="src/hooks/__tests__/useCurrentUser.test.ts" timestamp="2026-02-05T21:53:44.519Z" hostname="MacBook-Pro-de-Thomas-2.local" tests="4" failures="0" errors="0" skipped="0" time="0.013317041">
        <testcase classname="src/hooks/__tests__/useCurrentUser.test.ts" name="useCurrentUser hook &gt; returns loading true while auth is loading" time="0.009461416">
        </testcase>
        <testcase classname="src/hooks/__tests__/useCurrentUser.test.ts" name="useCurrentUser hook &gt; returns not loading and not authenticated when auth done but no user" time="0.001022209">
        </testcase>
        <testcase classname="src/hooks/__tests__/useCurrentUser.test.ts" name="useCurrentUser hook &gt; returns loading true when authenticated but user query still null" time="0.001202417">
        </testcase>
        <testcase classname="src/hooks/__tests__/useCurrentUser.test.ts" name="useCurrentUser hook &gt; returns loaded and authenticated when user is returned" time="0.000802958">
        </testcase>
    </testsuite>
    <testsuite name="src/hooks/__tests__/useMobile.test.ts" timestamp="2026-02-05T21:53:44.519Z" hostname="MacBook-Pro-de-Thomas-2.local" tests="9" failures="0" errors="0" skipped="0" time="0.051707916">
        <testcase classname="src/hooks/__tests__/useMobile.test.ts" name="useScreenSize &gt; returns correct screen size &apos;xs&apos; for width 320" time="0.012973834">
        </testcase>
        <testcase classname="src/hooks/__tests__/useMobile.test.ts" name="useScreenSize &gt; returns correct screen size &apos;sm&apos; for width 500" time="0.002981375">
        </testcase>
        <testcase classname="src/hooks/__tests__/useMobile.test.ts" name="useScreenSize &gt; returns correct screen size &apos;md&apos; for width 700" time="0.007533333">
        </testcase>
        <testcase classname="src/hooks/__tests__/useMobile.test.ts" name="useScreenSize &gt; returns correct screen size &apos;lg&apos; for width 900" time="0.010314">
        </testcase>
        <testcase classname="src/hooks/__tests__/useMobile.test.ts" name="useScreenSize &gt; returns correct screen size &apos;xl&apos; for width 1100" time="0.002597583">
        </testcase>
        <testcase classname="src/hooks/__tests__/useMobile.test.ts" name="useScreenSize &gt; returns correct screen size &apos;2xl&apos; for width 1400" time="0.006322208">
        </testcase>
        <testcase classname="src/hooks/__tests__/useMobile.test.ts" name="useMobile &gt; returns true when screen is mobile (xs)" time="0.005600833">
        </testcase>
        <testcase classname="src/hooks/__tests__/useMobile.test.ts" name="useMobile &gt; returns true when screen is mobile (sm)" time="0.001196791">
        </testcase>
        <testcase classname="src/hooks/__tests__/useMobile.test.ts" name="useMobile &gt; returns false when screen is tablet or desktop" time="0.0010135">
        </testcase>
    </testsuite>
    <testsuite name="src/hooks/__tests__/useProducts.test.ts" timestamp="2026-02-05T21:53:44.519Z" hostname="MacBook-Pro-de-Thomas-2.local" tests="10" failures="0" errors="0" skipped="0" time="0.038741375">
        <testcase classname="src/hooks/__tests__/useProducts.test.ts" name="useProducts hook &gt; returns products and default state" time="0.01844025">
        </testcase>
        <testcase classname="src/hooks/__tests__/useProducts.test.ts" name="useProducts hook &gt; check if there is no showSkeleton after 100ms if loading" time="0.004432084">
        </testcase>
        <testcase classname="src/hooks/__tests__/useProducts.test.ts" name="useProducts hook &gt; calls addProduct mutation correctly" time="0.003607542">
        </testcase>
        <testcase classname="src/hooks/__tests__/useProducts.test.ts" name="useProducts hook &gt; calls updateProduct mutation correctly" time="0.00159425">
        </testcase>
        <testcase classname="src/hooks/__tests__/useProducts.test.ts" name="useProducts hook &gt; calls deleteProduct mutation correctly" time="0.002311417">
        </testcase>
        <testcase classname="src/hooks/__tests__/useProducts.test.ts" name="useProducts hook &gt; includes targetUserId when userId is provided" time="0.0023155">
        </testcase>
        <testcase classname="src/hooks/__tests__/useProducts.test.ts" name="useProducts hook &gt; products normalisation &gt; returns raw array as‑is" time="0.000953542">
        </testcase>
        <testcase classname="src/hooks/__tests__/useProducts.test.ts" name="useProducts hook &gt; products normalisation &gt; unwraps `page` property when data is paginated" time="0.000682208">
        </testcase>
        <testcase classname="src/hooks/__tests__/useProducts.test.ts" name="useProducts hook &gt; products normalisation &gt; falls back to empty array when data is undefined" time="0.001077625">
        </testcase>
        <testcase classname="src/hooks/__tests__/useProducts.test.ts" name="useProducts hook &gt; invalidates the query after a successful mutation" time="0.002020292">
        </testcase>
    </testsuite>
    <testsuite name="src/hooks/__tests__/useUsersLite.test.ts" timestamp="2026-02-05T21:53:44.520Z" hostname="MacBook-Pro-de-Thomas-2.local" tests="2" failures="0" errors="0" skipped="0" time="0.016600916">
        <testcase classname="src/hooks/__tests__/useUsersLite.test.ts" name="useUsersLite &gt; passes the initialNumItems argument through to usePaginatedQuery" time="0.014610666">
        </testcase>
        <testcase classname="src/hooks/__tests__/useUsersLite.test.ts" name="useUsersLite &gt; defaults initialNumItems to 10 when no argument is provided" time="0.00099825">
        </testcase>
    </testsuite>
    <testsuite name="src/lib/__tests__/getSizeClass.test.ts" timestamp="2026-02-05T21:53:44.520Z" hostname="MacBook-Pro-de-Thomas-2.local" tests="29" failures="0" errors="0" skipped="0" time="0.002697458">
        <testcase classname="src/lib/__tests__/getSizeClass.test.ts" name="getSizeClass &gt; returns correct class for screenSize=&quot;xs&quot; and size=&quot;sm&quot;" time="0.000589583">
        </testcase>
        <testcase classname="src/lib/__tests__/getSizeClass.test.ts" name="getSizeClass &gt; returns correct class for screenSize=&quot;xs&quot; and size=&quot;md&quot;" time="0.000057667">
        </testcase>
        <testcase classname="src/lib/__tests__/getSizeClass.test.ts" name="getSizeClass &gt; returns correct class for screenSize=&quot;xs&quot; and size=&quot;lg&quot;" time="0.000043292">
        </testcase>
        <testcase classname="src/lib/__tests__/getSizeClass.test.ts" name="getSizeClass &gt; returns correct class for screenSize=&quot;xs&quot; and size=&quot;xl&quot;" time="0.000109208">
        </testcase>
        <testcase classname="src/lib/__tests__/getSizeClass.test.ts" name="getSizeClass &gt; returns correct class for screenSize=&quot;xs&quot; and size=&quot;full&quot;" time="0.000087667">
        </testcase>
        <testcase classname="src/lib/__tests__/getSizeClass.test.ts" name="getSizeClass &gt; returns correct class for screenSize=&quot;sm&quot; and size=&quot;sm&quot;" time="0.000040917">
        </testcase>
        <testcase classname="src/lib/__tests__/getSizeClass.test.ts" name="getSizeClass &gt; returns correct class for screenSize=&quot;sm&quot; and size=&quot;md&quot;" time="0.000029583">
        </testcase>
        <testcase classname="src/lib/__tests__/getSizeClass.test.ts" name="getSizeClass &gt; returns correct class for screenSize=&quot;sm&quot; and size=&quot;lg&quot;" time="0.000029416">
        </testcase>
        <testcase classname="src/lib/__tests__/getSizeClass.test.ts" name="getSizeClass &gt; returns correct class for screenSize=&quot;sm&quot; and size=&quot;xl&quot;" time="0.000148209">
        </testcase>
        <testcase classname="src/lib/__tests__/getSizeClass.test.ts" name="getSizeClass &gt; returns correct class for screenSize=&quot;sm&quot; and size=&quot;full&quot;" time="0.000096292">
        </testcase>
        <testcase classname="src/lib/__tests__/getSizeClass.test.ts" name="getSizeClass &gt; returns correct class for screenSize=&quot;md&quot; and size=&quot;sm&quot;" time="0.000043917">
        </testcase>
        <testcase classname="src/lib/__tests__/getSizeClass.test.ts" name="getSizeClass &gt; returns correct class for screenSize=&quot;md&quot; and size=&quot;md&quot;" time="0.000028041">
        </testcase>
        <testcase classname="src/lib/__tests__/getSizeClass.test.ts" name="getSizeClass &gt; returns correct class for screenSize=&quot;md&quot; and size=&quot;lg&quot;" time="0.000028541">
        </testcase>
        <testcase classname="src/lib/__tests__/getSizeClass.test.ts" name="getSizeClass &gt; returns correct class for screenSize=&quot;md&quot; and size=&quot;xl&quot;" time="0.00008775">
        </testcase>
        <testcase classname="src/lib/__tests__/getSizeClass.test.ts" name="getSizeClass &gt; returns correct class for screenSize=&quot;md&quot; and size=&quot;full&quot;" time="0.000051958">
        </testcase>
        <testcase classname="src/lib/__tests__/getSizeClass.test.ts" name="getSizeClass &gt; returns correct class for screenSize=&quot;lg&quot; and size=&quot;sm&quot;" time="0.000028584">
        </testcase>
        <testcase classname="src/lib/__tests__/getSizeClass.test.ts" name="getSizeClass &gt; returns correct class for screenSize=&quot;lg&quot; and size=&quot;md&quot;" time="0.0000245">
        </testcase>
        <testcase classname="src/lib/__tests__/getSizeClass.test.ts" name="getSizeClass &gt; returns correct class for screenSize=&quot;lg&quot; and size=&quot;lg&quot;" time="0.000020667">
        </testcase>
        <testcase classname="src/lib/__tests__/getSizeClass.test.ts" name="getSizeClass &gt; returns correct class for screenSize=&quot;lg&quot; and size=&quot;xl&quot;" time="0.000019916">
        </testcase>
        <testcase classname="src/lib/__tests__/getSizeClass.test.ts" name="getSizeClass &gt; returns correct class for screenSize=&quot;lg&quot; and size=&quot;full&quot;" time="0.000062875">
        </testcase>
        <testcase classname="src/lib/__tests__/getSizeClass.test.ts" name="getSizeClass &gt; returns correct class for screenSize=&quot;xl&quot; and size=&quot;sm&quot;" time="0.000022208">
        </testcase>
        <testcase classname="src/lib/__tests__/getSizeClass.test.ts" name="getSizeClass &gt; returns correct class for screenSize=&quot;xl&quot; and size=&quot;md&quot;" time="0.000022334">
        </testcase>
        <testcase classname="src/lib/__tests__/getSizeClass.test.ts" name="getSizeClass &gt; returns correct class for screenSize=&quot;xl&quot; and size=&quot;lg&quot;" time="0.000021625">
        </testcase>
        <testcase classname="src/lib/__tests__/getSizeClass.test.ts" name="getSizeClass &gt; returns correct class for screenSize=&quot;xl&quot; and size=&quot;xl&quot;" time="0.000058833">
        </testcase>
        <testcase classname="src/lib/__tests__/getSizeClass.test.ts" name="getSizeClass &gt; returns correct class for screenSize=&quot;xl&quot; and size=&quot;full&quot;" time="0.000023125">
        </testcase>
        <testcase classname="src/lib/__tests__/getSizeClass.test.ts" name="getSizeClass &gt; returns default for unknown screenSize and known size" time="0.000035834">
        </testcase>
        <testcase classname="src/lib/__tests__/getSizeClass.test.ts" name="getSizeClass &gt; returns default for known screenSize and unknown size" time="0.000025625">
        </testcase>
        <testcase classname="src/lib/__tests__/getSizeClass.test.ts" name="getSizeClass &gt; returns default for known screenSize and unknown size" time="0.000024833">
        </testcase>
        <testcase classname="src/lib/__tests__/getSizeClass.test.ts" name="getSizeClass &gt; returns default for unknown screenSize and unknown size" time="0.0000245">
        </testcase>
    </testsuite>
</testsuites>
